

============================== 2023-04-11 20:18:02.936719 | 3a5d2fba-54cc-455f-b9e6-c0c44d6ca03d ==============================
[0m20:18:02.936732 [info ] [MainThread]: Running with dbt=1.3.1
[0m20:18:02.937125 [debug] [MainThread]: running dbt with arguments {'write_json': True, 'use_colors': True, 'printer_width': 80, 'version_check': True, 'partial_parse': True, 'static_parser': True, 'profiles_dir': '/Users/erichprantl-bartlett/.dbt', 'send_anonymous_usage_stats': True, 'event_buffer_size': 100000, 'quiet': False, 'no_print': False, 'config_dir': True, 'which': 'debug', 'indirect_selection': 'eager'}
[0m20:18:02.937269 [debug] [MainThread]: Tracking: tracking
[0m20:18:02.963212 [debug] [MainThread]: Sending event: {'category': 'dbt', 'action': 'invocation', 'label': 'start', 'context': [<snowplow_tracker.self_describing_json.SelfDescribingJson object at 0x104a14ee0>, <snowplow_tracker.self_describing_json.SelfDescribingJson object at 0x104a14d30>, <snowplow_tracker.self_describing_json.SelfDescribingJson object at 0x104a14b80>]}
[0m20:18:02.964667 [info ] [MainThread]: To view your profiles.yml file, run:

open /Users/erichprantl-bartlett/.dbt
[0m20:18:02.965123 [debug] [MainThread]: Sending event: {'category': 'dbt', 'action': 'invocation', 'label': 'end', 'context': [<snowplow_tracker.self_describing_json.SelfDescribingJson object at 0x104a14d30>, <snowplow_tracker.self_describing_json.SelfDescribingJson object at 0x104a14b80>, <snowplow_tracker.self_describing_json.SelfDescribingJson object at 0x104a143d0>]}
[0m20:18:02.965854 [debug] [MainThread]: Flushing usage events


============================== 2023-04-11 20:22:27.017188 | 4469c367-ae02-4a89-8c00-8d14ecbd3c1b ==============================
[0m20:22:27.017201 [info ] [MainThread]: Running with dbt=1.3.1
[0m20:22:27.018012 [debug] [MainThread]: running dbt with arguments {'write_json': True, 'use_colors': True, 'printer_width': 80, 'version_check': True, 'partial_parse': True, 'static_parser': True, 'profiles_dir': '/Users/erichprantl-bartlett/.dbt', 'send_anonymous_usage_stats': True, 'event_buffer_size': 100000, 'quiet': False, 'no_print': False, 'skip_profile_setup': False, 'which': 'init', 'indirect_selection': 'eager'}
[0m20:22:27.018228 [debug] [MainThread]: Tracking: tracking
[0m20:22:27.034616 [debug] [MainThread]: Sending event: {'category': 'dbt', 'action': 'invocation', 'label': 'start', 'context': [<snowplow_tracker.self_describing_json.SelfDescribingJson object at 0x111aa89a0>, <snowplow_tracker.self_describing_json.SelfDescribingJson object at 0x111aa8850>, <snowplow_tracker.self_describing_json.SelfDescribingJson object at 0x111aa8820>]}
[0m20:22:27.035897 [info ] [MainThread]: Setting up your profile.
[0m20:22:27.036647 [debug] [MainThread]: Sending event: {'category': 'dbt', 'action': 'invocation', 'label': 'end', 'context': [<snowplow_tracker.self_describing_json.SelfDescribingJson object at 0x111aa8670>, <snowplow_tracker.self_describing_json.SelfDescribingJson object at 0x111aa8160>, <snowplow_tracker.self_describing_json.SelfDescribingJson object at 0x111aa8100>]}
[0m20:22:27.037231 [debug] [MainThread]: Flushing usage events
[0m20:22:27.324799 [error] [MainThread]: Encountered an error:
'NoneType' object is not subscriptable
[0m20:22:27.325627 [error] [MainThread]: Traceback (most recent call last):
  File "/usr/local/Cellar/dbt-bigquery/1.3.0/libexec/lib/python3.9/site-packages/dbt/main.py", line 135, in main
    results, succeeded = handle_and_check(args)
  File "/usr/local/Cellar/dbt-bigquery/1.3.0/libexec/lib/python3.9/site-packages/dbt/main.py", line 198, in handle_and_check
    task, res = run_from_args(parsed)
  File "/usr/local/Cellar/dbt-bigquery/1.3.0/libexec/lib/python3.9/site-packages/dbt/main.py", line 245, in run_from_args
    results = task.run()
  File "/usr/local/Cellar/dbt-bigquery/1.3.0/libexec/lib/python3.9/site-packages/dbt/task/init.py", line 289, in run
    profile_name = self.get_profile_name_from_current_project()
  File "/usr/local/Cellar/dbt-bigquery/1.3.0/libexec/lib/python3.9/site-packages/dbt/task/init.py", line 168, in get_profile_name_from_current_project
    return dbt_project["profile"]
TypeError: 'NoneType' object is not subscriptable



============================== 2023-04-11 20:23:00.155716 | 51618f14-3d4f-4ba3-a096-3deafcfb7b1d ==============================
[0m20:23:00.155728 [info ] [MainThread]: Running with dbt=1.3.1
[0m20:23:00.156165 [debug] [MainThread]: running dbt with arguments {'write_json': True, 'use_colors': True, 'printer_width': 80, 'version_check': True, 'partial_parse': True, 'static_parser': True, 'profiles_dir': '/Users/erichprantl-bartlett/.dbt', 'send_anonymous_usage_stats': True, 'event_buffer_size': 100000, 'quiet': False, 'no_print': False, 'skip_profile_setup': False, 'which': 'init', 'indirect_selection': 'eager'}
[0m20:23:00.156315 [debug] [MainThread]: Tracking: tracking
[0m20:23:00.169886 [debug] [MainThread]: Sending event: {'category': 'dbt', 'action': 'invocation', 'label': 'start', 'context': [<snowplow_tracker.self_describing_json.SelfDescribingJson object at 0x105a719a0>, <snowplow_tracker.self_describing_json.SelfDescribingJson object at 0x105a71850>, <snowplow_tracker.self_describing_json.SelfDescribingJson object at 0x105a71820>]}
[0m20:23:17.374149 [debug] [MainThread]: Starter project path: /usr/local/Cellar/dbt-bigquery/1.3.0/libexec/lib/python3.9/site-packages/dbt/include/starter_project
[0m20:29:46.038753 [info ] [MainThread]: Profile coffe_shop_epb written to /Users/erichprantl-bartlett/.dbt/profiles.yml using target's profile_template.yml and your supplied values. Run 'dbt debug' to validate the connection.
[0m20:29:46.043444 [info ] [MainThread]: 
Your new dbt project "coffe_shop_epb" was created!

For more information on how to configure the profiles.yml file,
please consult the dbt documentation here:

  https://docs.getdbt.com/docs/configure-your-profile

One more thing:

Need help? Don't hesitate to reach out to us via GitHub issues or on Slack:

  https://community.getdbt.com/

Happy modeling!

[0m20:29:46.045620 [debug] [MainThread]: Sending event: {'category': 'dbt', 'action': 'invocation', 'label': 'end', 'context': [<snowplow_tracker.self_describing_json.SelfDescribingJson object at 0x105a45490>, <snowplow_tracker.self_describing_json.SelfDescribingJson object at 0x105a45850>, <snowplow_tracker.self_describing_json.SelfDescribingJson object at 0x105a45760>]}
[0m20:29:46.047135 [debug] [MainThread]: Flushing usage events
